<?xml version="1.0" encoding="UTF-8"?>
<!-- Generated by org.testng.reporters.JUnitXMLReporter -->
<testsuite hostname="Manjushri-Personal" ignored="1" name="Test" tests="3" failures="0" timestamp="2022-01-27T23:31:11 IST" time="21.147" errors="0">
  <testcase name="addBookToLibrary" time="7.482" classname="com.demo.test.LibraryAPI"/>
  <testcase name="addBookToLibrary" time="1.125" classname="com.demo.test.LibraryAPI"/>
  <testcase name="postRequestDemo" time="12.462" classname="com.demo.test.RestDemo"/>
  <testcase name="jsonExtraction" time="0.0" classname="com.demo.test.RestDemo">
    <ignored/>
  </testcase> <!-- jsonExtraction -->
</testsuite> <!-- Test -->
