<?xml version="1.0" encoding="UTF-8"?>
<testng-results skipped="0" failed="0" ignored="0" total="1" passed="1">
  <reporter-output>
  </reporter-output>
  <suite name="Default suite" duration-ms="10345" started-at="2022-01-28T04:27:59 IST" finished-at="2022-01-28T04:28:09 IST">
    <groups>
    </groups>
    <test name="Default test" duration-ms="10345" started-at="2022-01-28T04:27:59 IST" finished-at="2022-01-28T04:28:09 IST">
      <class name="Reports.extent_reports.ExtentReportDemo">
        <test-method status="PASS" signature="setUp()[pri:0, instance:Reports.extent_reports.ExtentReportDemo@4d1b0d2a]" name="setUp" is-config="true" duration-ms="220" started-at="2022-01-28T04:27:59 IST" finished-at="2022-01-28T04:27:59 IST">
          <reporter-output>
          </reporter-output>
        </test-method> <!-- setUp -->
        <test-method status="PASS" signature="initialDemo()[pri:0, instance:Reports.extent_reports.ExtentReportDemo@4d1b0d2a]" name="initialDemo" duration-ms="10048" started-at="2022-01-28T04:27:59 IST" finished-at="2022-01-28T04:28:09 IST">
          <reporter-output>
          </reporter-output>
        </test-method> <!-- initialDemo -->
      </class> <!-- Reports.extent_reports.ExtentReportDemo -->
    </test> <!-- Default test -->
  </suite> <!-- Default suite -->
</testng-results>
