<?xml version="1.0" encoding="UTF-8"?>
<testsuite xmlns:xsi="http://www.w3.org/2001/XMLSchema-instance" xsi:noNamespaceSchemaLocation="https://maven.apache.org/surefire/maven-surefire-plugin/xsd/surefire-test-report.xsd" name="TestSuite" time="23.131" tests="3" errors="0" skipped="0" failures="0">
  <properties>
[...]
</properties>
  <testcase name="addBookToLibrary" classname="com.demo.test.LibraryAPI" time="7.5"/>
  <testcase name="addBookToLibrary" classname="com.demo.test.LibraryAPI" time="1.109"/>
  <testcase name="postRequestDemo" classname="com.demo.test.RestDemo" time="12.462"/>
</testsuite>