<?xml version="1.0" encoding="UTF-8"?>
<!-- Generated by org.testng.reporters.JUnitXMLReporter -->
<testsuite hostname="PLANET-PC" ignored="0" name="Default test" tests="3" failures="0" timestamp="29 Jun 2020 14:24:01 GMT" time="190.825" errors="0">
  <testcase name="createNewContactTest" time="40.713" classname="com.crm.qa.testcases.ContactsPageTest"/>
  <testcase name="createNewContactTest" time="40.686" classname="com.crm.qa.testcases.ContactsPageTest"/>
  <testcase name="createNewContactTest" time="40.68" classname="com.crm.qa.testcases.ContactsPageTest"/>
</testsuite> <!-- Default test -->
