<?xml version="1.0" encoding="UTF-8"?>
<!-- Generated by org.testng.reporters.JUnitXMLReporter -->
<testsuite hostname="PLANET-PC" ignored="0" name="Free CRM App Test Cases" tests="8" failures="0" timestamp="29 Jun 2020 15:07:57 GMT" time="265.735" errors="0">
  <testcase name="loginPageTitleValidation" time="0.026" classname="com.crm.qa.testcases.LoginPageTest"/>
  <testcase name="validateHomePageTitleTest" time="0.009" classname="com.crm.qa.testcases.HomePageTest"/>
  <testcase name="createNewContactTest" time="40.668" classname="com.crm.qa.testcases.ContactsPageTest"/>
  <testcase name="createNewContactTest" time="40.599" classname="com.crm.qa.testcases.ContactsPageTest"/>
  <testcase name="createNewContactTest" time="40.643" classname="com.crm.qa.testcases.ContactsPageTest"/>
  <testcase name="loginPageTest" time="0.731" classname="com.crm.qa.testcases.LoginPageTest"/>
  <testcase name="verifyUserNameTest" time="1.572" classname="com.crm.qa.testcases.HomePageTest"/>
  <testcase name="verifyContactsPageLinkTest" time="2.062" classname="com.crm.qa.testcases.HomePageTest"/>
</testsuite> <!-- Free CRM App Test Cases -->
