<?xml version="1.0" encoding="UTF-8"?>
<testng-results skipped="0" failed="0" ignored="0" total="1" passed="1">
  <reporter-output>
  </reporter-output>
  <suite name="Default suite" duration-ms="4331" started-at="2022-01-31T23:38:16 IST" finished-at="2022-01-31T23:38:20 IST">
    <groups>
    </groups>
    <test name="Default test" duration-ms="4331" started-at="2022-01-31T23:38:16 IST" finished-at="2022-01-31T23:38:20 IST">
      <class name="ReqResSpecification.ReqResSpec">
        <test-method status="PASS" signature="serialisationDemo()[pri:0, instance:ReqResSpecification.ReqResSpec@7e2d773b]" name="serialisationDemo" duration-ms="4260" started-at="2022-01-31T23:38:16 IST" finished-at="2022-01-31T23:38:20 IST">
          <reporter-output>
          </reporter-output>
        </test-method> <!-- serialisationDemo -->
      </class> <!-- ReqResSpecification.ReqResSpec -->
    </test> <!-- Default test -->
  </suite> <!-- Default suite -->
</testng-results>
