<testsuite failures="0" name="karate/features/PostAPI.feature" skipped="0" tests="1" time="3.059241">
  <testcase classname="karate.features.PostAPI" name="list of users" time="3.059241">
    <system-out>* header Content-type = 'application/json' ................................ passed
* def requestPayload = read('../data/request.json') ....................... passed
Given url baseUrl+'/api/users' ............................................ passed
And request requestPayload ................................................ passed
When method POST .......................................................... passed
Then status 201 ........................................................... passed
And print response ........................................................ passed</system-out>
  </testcase>
</testsuite>
