<testsuite failures="0" name="karate/features/GetApiKarate.feature" skipped="0" tests="3" time="8.811111">
  <testcase classname="karate.features.GetApiKarate" name="list of users" time="3.116594">
    <system-out>Given url baseUrl+'/api/users' ............................................ passed
And param page = 2 ........................................................ passed
When method GET ........................................................... passed
Then def jsonResponse = response .......................................... passed
And print jsonResponse.data[0].first_name ................................. passed</system-out>
  </testcase>
  <testcase classname="karate.features.GetApiKarate" name="list of users with query parameters" time="2.912763">
    <system-out>Given url baseUrl+'/api/users' ............................................ passed
And param page = 2 ........................................................ passed
When method GET ........................................................... passed
Then def jsonResponse = response .......................................... passed
And print jsonResponse.data[0].first_name ................................. passed
* def query = {page : 2, id : 7} .......................................... passed
Given url baseUrl+'/api/users' ............................................ passed
And params query .......................................................... passed
When method GET ........................................................... passed
Then print response ....................................................... passed</system-out>
  </testcase>
  <testcase classname="karate.features.GetApiKarate" name="single user not found" time="2.781754">
    <system-out>Given url baseUrl+'/api/users' ............................................ passed
And param page = 2 ........................................................ passed
When method GET ........................................................... passed
Then def jsonResponse = response .......................................... passed
And print jsonResponse.data[0].first_name ................................. passed
* def query = {page : 2, id : 7} .......................................... passed
Given url baseUrl+'/api/users' ............................................ passed
And params query .......................................................... passed
When method GET ........................................................... passed
Then print response ....................................................... passed
Given url baseUrl+'/api/users' ............................................ passed
And path '23' ............................................................. passed
When method GET ........................................................... passed
Then status 404 ........................................................... passed</system-out>
  </testcase>
</testsuite>
