<testsuite failures="0" name="src/test/java/features/sample.feature" skipped="0" tests="2" time="0.024819">
  <testcase classname="src.test.java.features.sample" name="Print any statement" time="0.005532">
    <system-out>* print 'This is my first karate session' ................................. passed</system-out>
  </testcase>
  <testcase classname="src.test.java.features.sample" name="Multiplication of two numbers" time="0.019287">
    <system-out>* print 'This is my first karate session' ................................. passed
* def a = 20 .............................................................. passed
* def b = 10 .............................................................. passed
* print 'mul is-&gt;' + (a * b) .............................................. passed</system-out>
  </testcase>
</testsuite>
